#
# There is insufficient memory for the Java Runtime Environment to continue.
# Native memory allocation (malloc) failed to allocate 740816 bytes for Chunk::new
# Possible reasons:
#   The system is out of physical RAM or swap space
#   The process is running with CompressedOops enabled, and the Java Heap may be blocking the growth of the native heap
# Possible solutions:
#   Reduce memory load on the system
#   Increase physical memory or swap space
#   Check if swap backing store is full
#   Decrease Java heap size (-Xmx/-Xms)
#   Decrease number of Java threads
#   Decrease Java thread stack sizes (-Xss)
#   Set larger code cache with -XX:ReservedCodeCacheSize=
#   JVM is running with Unscaled Compressed Oops mode in which the Java heap is
#     placed in the first 4GB address space. The Java Heap base address is the
#     maximum limit for the native heap growth. Please use -XX:HeapBaseMinAddress
#     to set the Java Heap base and to place the Java Heap above 4GB virtual address.
# This output file may be truncated or incomplete.
#
#  Out of Memory Error (allocation.cpp:389), pid=18400, tid=0x0000000000004584
#
# JRE version: Java(TM) SE Runtime Environment (8.0_211-b12) (build 1.8.0_211-b12)
# Java VM: Java HotSpot(TM) 64-Bit Server VM (25.211-b12 mixed mode windows-amd64 compressed oops)
# Failed to write core dump. Minidumps are not enabled by default on client versions of Windows
#

---------------  T H R E A D  ---------------

Current thread (0x000000001978e800):  JavaThread "C2 CompilerThread0" daemon [_thread_in_native, id=17796, stack(0x0000000019f30000,0x000000001a030000)]

Stack: [0x0000000019f30000,0x000000001a030000]
[error occurred during error reporting (printing stack bounds), id 0xc0000005]

Native frames: (J=compiled Java code, j=interpreted, Vv=VM code, C=native code)


Current CompileTask:
C2:   4037  943   !   4       sun.misc.URLClassPath$JarLoader::getResource (353 bytes)


---------------  P R O C E S S  ---------------

Java Threads: ( => current thread )
  0x000000001af1d000 JavaThread "restartedMain" [_thread_in_vm, id=12096, stack(0x000000001b5b0000,0x000000001b6b0000)]
  0x000000001af1c800 JavaThread "Thread-0" [_thread_blocked, id=17620, stack(0x000000001b4b0000,0x000000001b5b0000)]
  0x00000000197ec800 JavaThread "Service Thread" daemon [_thread_blocked, id=18084, stack(0x000000001a230000,0x000000001a330000)]
  0x00000000197ec000 JavaThread "C1 CompilerThread2" daemon [_thread_blocked, id=556, stack(0x000000001a130000,0x000000001a230000)]
  0x000000001978f800 JavaThread "C2 CompilerThread1" daemon [_thread_blocked, id=6940, stack(0x000000001a030000,0x000000001a130000)]
=>0x000000001978e800 JavaThread "C2 CompilerThread0" daemon [_thread_in_native, id=17796, stack(0x0000000019f30000,0x000000001a030000)]
  0x0000000019759800 JavaThread "Monitor Ctrl-Break" daemon [_thread_in_native, id=17704, stack(0x0000000019e30000,0x0000000019f30000)]
  0x0000000019073800 JavaThread "Attach Listener" daemon [_thread_blocked, id=16324, stack(0x0000000019530000,0x0000000019630000)]
  0x0000000017cf8800 JavaThread "Signal Dispatcher" daemon [_thread_blocked, id=17664, stack(0x0000000019430000,0x0000000019530000)]
  0x0000000002efb800 JavaThread "Finalizer" daemon [_thread_blocked, id=10704, stack(0x0000000018f30000,0x0000000019030000)]
  0x0000000002ef8000 JavaThread "Reference Handler" daemon [_thread_blocked, id=18004, stack(0x0000000018e30000,0x0000000018f30000)]
  0x0000000002e02800 JavaThread "main" [_thread_blocked, id=17428, stack(0x0000000002c00000,0x0000000002d00000)]

Other Threads:
  0x0000000017c97800 VMThread [stack: 0x0000000018d30000,0x0000000018e30000] [id=14224]
  0x0000000019897800 WatcherThread [stack: 0x000000001a330000,0x000000001a430000] [id=16976]

VM state:not at safepoint (normal execution)

VM Mutex/Monitor currently owned by a thread: None

heap address: 0x0000000080800000, size: 2040 MB, Compressed Oops mode: 32-bit
Narrow klass base: 0x0000000000000000, Narrow klass shift: 3
Compressed class space size: 1073741824 Address: 0x0000000100000000

Heap:
 PSYoungGen      total 38400K, used 19194K [0x00000000d5800000, 0x00000000d8280000, 0x0000000100000000)
  eden space 33280K, 42% used [0x00000000d5800000,0x00000000d65c3850,0x00000000d7880000)
  from space 5120K, 99% used [0x00000000d7d80000,0x00000000d827b2c8,0x00000000d8280000)
  to   space 5120K, 0% used [0x00000000d7880000,0x00000000d7880000,0x00000000d7d80000)
 ParOldGen       total 87552K, used 1588K [0x0000000080800000, 0x0000000085d80000, 0x00000000d5800000)
  object space 87552K, 1% used [0x0000000080800000,0x000000008098d390,0x0000000085d80000)
 Metaspace       used 8857K, capacity 9014K, committed 9088K, reserved 1056768K
  class space    used 1053K, capacity 1082K, committed 1152K, reserved 1048576K

Card table byte_map: [0x00000000124c0000,0x00000000128c0000] byte_map_base: 0x00000000120bc000

Marking Bits: (ParMarkBitMap*) 0x000000005cf05ce0
 Begin Bits: [0x0000000012f70000, 0x0000000014f50000)
 End Bits:   [0x0000000014f50000, 0x0000000016f30000)

Polling page: 0x0000000000f80000

CodeCache: size=245760Kb used=3854Kb max_used=3854Kb free=241905Kb
 bounds [0x0000000003100000, 0x00000000034d0000, 0x0000000012100000]
 total_blobs=1280 nmethods=974 adapters=218
 compilation: enabled

Compilation events (10 events):
Event: 4.030 Thread 0x00000000197ec000  969       1       sun.reflect.generics.reflectiveObjects.ParameterizedTypeImpl::getRawType (5 bytes)
Event: 4.030 Thread 0x00000000197ec000 nmethod 969 0x00000000034bdc10 code [0x00000000034bdd60, 0x00000000034bde70]
Event: 4.031 Thread 0x00000000197ec000  970       3       java.beans.FeatureDescriptor::getClass0 (22 bytes)
Event: 4.031 Thread 0x00000000197ec000 nmethod 970 0x00000000034c4410 code [0x00000000034c4580, 0x00000000034c48e8]
Event: 4.031 Thread 0x00000000197ec000  971       3       java.util.TreeMap::leftOf (13 bytes)
Event: 4.031 Thread 0x00000000197ec000 nmethod 971 0x00000000034c49d0 code [0x00000000034c4b20, 0x00000000034c4cb0]
Event: 4.031 Thread 0x00000000197ec000  972       3       java.util.TreeMap::setColor (10 bytes)
Event: 4.031 Thread 0x00000000197ec000 nmethod 972 0x00000000034c4d50 code [0x00000000034c4ea0, 0x00000000034c5010]
Event: 4.034 Thread 0x00000000197ec000  973       3       java.lang.reflect.Method::copy (84 bytes)
Event: 4.035 Thread 0x00000000197ec000 nmethod 973 0x00000000034c50d0 code [0x00000000034c5260, 0x00000000034c5618]

GC Heap History (4 events):
Event: 1.969 GC heap before
{Heap before GC invocations=1 (full 0):
 PSYoungGen      total 38400K, used 33280K [0x00000000d5800000, 0x00000000d8280000, 0x0000000100000000)
  eden space 33280K, 100% used [0x00000000d5800000,0x00000000d7880000,0x00000000d7880000)
  from space 5120K, 0% used [0x00000000d7d80000,0x00000000d7d80000,0x00000000d8280000)
  to   space 5120K, 0% used [0x00000000d7880000,0x00000000d7880000,0x00000000d7d80000)
 ParOldGen       total 87552K, used 0K [0x0000000080800000, 0x0000000085d80000, 0x00000000d5800000)
  object space 87552K, 0% used [0x0000000080800000,0x0000000080800000,0x0000000085d80000)
 Metaspace       used 6624K, capacity 6826K, committed 7040K, reserved 1056768K
  class space    used 767K, capacity 823K, committed 896K, reserved 1048576K
Event: 1.974 GC heap after
Heap after GC invocations=1 (full 0):
 PSYoungGen      total 38400K, used 3660K [0x00000000d5800000, 0x00000000d8280000, 0x0000000100000000)
  eden space 33280K, 0% used [0x00000000d5800000,0x00000000d5800000,0x00000000d7880000)
  from space 5120K, 71% used [0x00000000d7880000,0x00000000d7c13128,0x00000000d7d80000)
  to   space 5120K, 0% used [0x00000000d7d80000,0x00000000d7d80000,0x00000000d8280000)
 ParOldGen       total 87552K, used 8K [0x0000000080800000, 0x0000000085d80000, 0x00000000d5800000)
  object space 87552K, 0% used [0x0000000080800000,0x0000000080802000,0x0000000085d80000)
 Metaspace       used 6624K, capacity 6826K, committed 7040K, reserved 1056768K
  class space    used 767K, capacity 823K, committed 896K, reserved 1048576K
}
Event: 2.689 GC heap before
{Heap before GC invocations=2 (full 0):
 PSYoungGen      total 38400K, used 36940K [0x00000000d5800000, 0x00000000d8280000, 0x0000000100000000)
  eden space 33280K, 100% used [0x00000000d5800000,0x00000000d7880000,0x00000000d7880000)
  from space 5120K, 71% used [0x00000000d7880000,0x00000000d7c13128,0x00000000d7d80000)
  to   space 5120K, 0% used [0x00000000d7d80000,0x00000000d7d80000,0x00000000d8280000)
 ParOldGen       total 87552K, used 8K [0x0000000080800000, 0x0000000085d80000, 0x00000000d5800000)
  object space 87552K, 0% used [0x0000000080800000,0x0000000080802000,0x0000000085d80000)
 Metaspace       used 7995K, capacity 8118K, committed 8192K, reserved 1056768K
  class space    used 934K, capacity 954K, committed 1024K, reserved 1048576K
Event: 2.731 GC heap after
Heap after GC invocations=2 (full 0):
 PSYoungGen      total 38400K, used 5100K [0x00000000d5800000, 0x00000000d8280000, 0x0000000100000000)
  eden space 33280K, 0% used [0x00000000d5800000,0x00000000d5800000,0x00000000d7880000)
  from space 5120K, 99% used [0x00000000d7d80000,0x00000000d827b2c8,0x00000000d8280000)
  to   space 5120K, 0% used [0x00000000d7880000,0x00000000d7880000,0x00000000d7d80000)
 ParOldGen       total 87552K, used 1588K [0x0000000080800000, 0x0000000085d80000, 0x00000000d5800000)
  object space 87552K, 1% used [0x0000000080800000,0x000000008098d390,0x0000000085d80000)
 Metaspace       used 7995K, capacity 8118K, committed 8192K, reserved 1056768K
  class space    used 934K, capacity 954K, committed 1024K, reserved 1048576K
}

Deoptimization events (10 events):
Event: 3.890 Thread 0x000000001af1d000 Uncommon trap: reason=bimorphic action=maybe_recompile pc=0x000000000348a940 method=java.util.regex.Pattern$GroupHead.match(Ljava/util/regex/Matcher;ILjava/lang/CharSequence;)Z @ 28
Event: 3.890 Thread 0x000000001af1d000 Uncommon trap: reason=bimorphic action=maybe_recompile pc=0x000000000348a940 method=java.util.regex.Pattern$GroupHead.match(Ljava/util/regex/Matcher;ILjava/lang/CharSequence;)Z @ 28
Event: 3.890 Thread 0x000000001af1d000 Uncommon trap: reason=bimorphic action=maybe_recompile pc=0x000000000348a940 method=java.util.regex.Pattern$GroupHead.match(Ljava/util/regex/Matcher;ILjava/lang/CharSequence;)Z @ 28
Event: 3.890 Thread 0x000000001af1d000 Uncommon trap: reason=bimorphic action=maybe_recompile pc=0x0000000003491508 method=java.util.regex.Pattern$CharProperty.match(Ljava/util/regex/Matcher;ILjava/lang/CharSequence;)Z @ 18
Event: 3.890 Thread 0x000000001af1d000 Uncommon trap: reason=unstable_if action=reinterpret pc=0x000000000347925c method=java.util.regex.Pattern.inRange(III)Z @ 7
Event: 3.890 Thread 0x000000001af1d000 Uncommon trap: reason=bimorphic action=maybe_recompile pc=0x000000000348ff8c method=java.util.regex.Pattern$Start.match(Ljava/util/regex/Matcher;ILjava/lang/CharSequence;)Z @ 44
Event: 3.890 Thread 0x000000001af1d000 Uncommon trap: reason=bimorphic action=maybe_recompile pc=0x0000000003491508 method=java.util.regex.Pattern$CharProperty.match(Ljava/util/regex/Matcher;ILjava/lang/CharSequence;)Z @ 18
Event: 3.890 Thread 0x000000001af1d000 Uncommon trap: reason=unstable_if action=reinterpret pc=0x0000000003490154 method=java.util.regex.Pattern$Start.match(Ljava/util/regex/Matcher;ILjava/lang/CharSequence;)Z @ 10
Event: 3.890 Thread 0x000000001af1d000 Uncommon trap: reason=bimorphic action=maybe_recompile pc=0x0000000003491508 method=java.util.regex.Pattern$CharProperty.match(Ljava/util/regex/Matcher;ILjava/lang/CharSequence;)Z @ 18
Event: 3.890 Thread 0x000000001af1d000 Uncommon trap: reason=bimorphic action=maybe_recompile pc=0x0000000003491508 method=java.util.regex.Pattern$CharProperty.match(Ljava/util/regex/Matcher;ILjava/lang/CharSequence;)Z @ 18

Classes redefined (0 events):
No events

Internal exceptions (10 events):
Event: 1.843 Thread 0x0000000002e02800 Exception <a 'java/lang/ArrayIndexOutOfBoundsException'> (0x00000000d6fd5d28) thrown at [C:\re\workspace\8-2-build-windows-amd64-cygwin\jdk8u211\12973\hotspot\src\share\vm\runtime\sharedRuntime.cpp, line 605]
Event: 1.844 Thread 0x0000000002e02800 Exception <a 'java/lang/ArrayIndexOutOfBoundsException'> (0x00000000d6febc68) thrown at [C:\re\workspace\8-2-build-windows-amd64-cygwin\jdk8u211\12973\hotspot\src\share\vm\runtime\sharedRuntime.cpp, line 605]
Event: 1.848 Thread 0x0000000002e02800 Exception <a 'java/lang/ArrayIndexOutOfBoundsException'> (0x00000000d7003758) thrown at [C:\re\workspace\8-2-build-windows-amd64-cygwin\jdk8u211\12973\hotspot\src\share\vm\runtime\sharedRuntime.cpp, line 605]
Event: 1.850 Thread 0x0000000002e02800 Exception <a 'java/lang/ArrayIndexOutOfBoundsException'> (0x00000000d701d0f8) thrown at [C:\re\workspace\8-2-build-windows-amd64-cygwin\jdk8u211\12973\hotspot\src\share\vm\runtime\sharedRuntime.cpp, line 605]
Event: 2.063 Thread 0x0000000002e02800 Implicit null exception at 0x000000000339ee70 to 0x000000000339eedd
Event: 2.064 Thread 0x0000000002e02800 Exception <a 'java/lang/NoSuchMethodError': org.slf4j.impl.StaticMDCBinder.getSingleton()Lorg/slf4j/impl/StaticMDCBinder;> (0x00000000d66cb510) thrown at [C:\re\workspace\8-2-build-windows-amd64-cygwin\jdk8u211\12973\hotspot\src\share\vm\interpreter\linkR
Event: 2.291 Thread 0x000000001af1d000 Implicit null exception at 0x00000000033cc4b7 to 0x00000000033ceb6d
Event: 2.398 Thread 0x000000001af1d000 Exception <a 'java/io/FileNotFoundException'> (0x00000000d6d8c448) thrown at [C:\re\workspace\8-2-build-windows-amd64-cygwin\jdk8u211\12973\hotspot\src\share\vm\prims\jni.cpp, line 710]
Event: 3.965 Thread 0x000000001af1d000 Exception <a 'java/lang/ClassNotFoundException': java/lang/ObjectCustomizer> (0x00000000d64c3418) thrown at [C:\re\workspace\8-2-build-windows-amd64-cygwin\jdk8u211\12973\hotspot\src\share\vm\classfile\systemDictionary.cpp, line 210]
Event: 4.023 Thread 0x000000001af1d000 Exception <a 'java/lang/ClassNotFoundException': org/springframework/boot/SpringApplicationCustomizer> (0x00000000d64f6b20) thrown at [C:\re\workspace\8-2-build-windows-amd64-cygwin\jdk8u211\12973\hotspot\src\share\vm\classfile\systemDictionary.cpp, line 

Events (10 events):
Event: 4.030 loading class java/beans/PropertyVetoException
Event: 4.030 loading class java/beans/PropertyVetoException done
Event: 4.031 loading class org/springframework/core/BridgeMethodResolver
Event: 4.031 loading class org/springframework/core/BridgeMethodResolver done
Event: 4.032 loading class org/springframework/core/MethodParameter
Event: 4.032 loading class org/springframework/core/MethodParameter done
Event: 4.033 loading class org/springframework/core/GenericTypeResolver
Event: 4.033 loading class org/springframework/core/GenericTypeResolver done
Event: 4.034 loading class org/springframework/core/SerializableTypeWrapper$MethodParameterTypeProvider
Event: 4.034 loading class org/springframework/core/SerializableTypeWrapper$MethodParameterTypeProvider done


Dynamic libraries:
0x00007ff698c10000 - 0x00007ff698c47000 	C:\Program Files\Java\jdk1.8.0_211\bin\java.exe
0x00007ffd9dbe0000 - 0x00007ffd9ddc1000 	C:\Windows\SYSTEM32\ntdll.dll
0x00007ffd9b3a0000 - 0x00007ffd9b451000 	C:\Windows\System32\KERNEL32.DLL
0x00007ffd9a030000 - 0x00007ffd9a2a3000 	C:\Windows\System32\KERNELBASE.dll
0x00007ffd9b070000 - 0x00007ffd9b111000 	C:\Windows\System32\ADVAPI32.dll
0x00007ffd9baf0000 - 0x00007ffd9bb8e000 	C:\Windows\System32\msvcrt.dll
0x00007ffd9bde0000 - 0x00007ffd9be3b000 	C:\Windows\System32\sechost.dll
0x00007ffd9b9c0000 - 0x00007ffd9bae4000 	C:\Windows\System32\RPCRT4.dll
0x00007ffd9b210000 - 0x00007ffd9b3a0000 	C:\Windows\System32\USER32.dll
0x00007ffd9afb0000 - 0x00007ffd9afd0000 	C:\Windows\System32\win32u.dll
0x00007ffd9db80000 - 0x00007ffd9dba8000 	C:\Windows\System32\GDI32.dll
0x00007ffd9adc0000 - 0x00007ffd9af51000 	C:\Windows\System32\gdi32full.dll
0x00007ffd9afd0000 - 0x00007ffd9b06f000 	C:\Windows\System32\msvcp_win.dll
0x00007ffd9aad0000 - 0x00007ffd9abc8000 	C:\Windows\System32\ucrtbase.dll
0x00007ffd8f4f0000 - 0x00007ffd8f759000 	C:\Windows\WinSxS\amd64_microsoft.windows.common-controls_6595b64144ccf1df_6.0.17134.829_none_fb46a5473061b9d5\COMCTL32.dll
0x00007ffd9d850000 - 0x00007ffd9db72000 	C:\Windows\System32\combase.dll
0x00007ffd99fb0000 - 0x00007ffd9a02a000 	C:\Windows\System32\bcryptPrimitives.dll
0x00007ffd9c290000 - 0x00007ffd9c2bd000 	C:\Windows\System32\IMM32.DLL
0x000000005cf90000 - 0x000000005d062000 	C:\Program Files\Java\jdk1.8.0_211\jre\bin\msvcr100.dll
0x000000005c6e0000 - 0x000000005cf85000 	C:\Program Files\Java\jdk1.8.0_211\jre\bin\server\jvm.dll
0x00007ffd9b700000 - 0x00007ffd9b708000 	C:\Windows\System32\PSAPI.DLL
0x00007ffd8b020000 - 0x00007ffd8b029000 	C:\Windows\SYSTEM32\WSOCK32.dll
0x00007ffd9b7d0000 - 0x00007ffd9b83c000 	C:\Windows\System32\WS2_32.dll
0x00007ffd98170000 - 0x00007ffd98193000 	C:\Windows\SYSTEM32\WINMM.dll
0x00007ffd94ba0000 - 0x00007ffd94baa000 	C:\Windows\SYSTEM32\VERSION.dll
0x00007ffd98050000 - 0x00007ffd9807a000 	C:\Windows\SYSTEM32\WINMMBASE.dll
0x00007ffd9af60000 - 0x00007ffd9afa9000 	C:\Windows\System32\cfgmgr32.dll
0x00007ffd8afd0000 - 0x00007ffd8afdf000 	C:\Program Files\Java\jdk1.8.0_211\jre\bin\verify.dll
0x00007ffd8a740000 - 0x00007ffd8a769000 	C:\Program Files\Java\jdk1.8.0_211\jre\bin\java.dll
0x00007ffd96350000 - 0x00007ffd96373000 	C:\Program Files\Java\jdk1.8.0_211\jre\bin\instrument.dll
0x00007ffd8a6a0000 - 0x00007ffd8a6b6000 	C:\Program Files\Java\jdk1.8.0_211\jre\bin\zip.dll
0x00007ffd9c410000 - 0x00007ffd9d850000 	C:\Windows\System32\SHELL32.dll
0x00007ffd9b710000 - 0x00007ffd9b7b9000 	C:\Windows\System32\shcore.dll
0x00007ffd9a3c0000 - 0x00007ffd9aacd000 	C:\Windows\System32\windows.storage.dll
0x00007ffd9c2c0000 - 0x00007ffd9c311000 	C:\Windows\System32\shlwapi.dll
0x00007ffd99ef0000 - 0x00007ffd99f01000 	C:\Windows\System32\kernel.appcore.dll
0x00007ffd99f10000 - 0x00007ffd99f2f000 	C:\Windows\System32\profapi.dll
0x00007ffd99f30000 - 0x00007ffd99f7c000 	C:\Windows\System32\powrprof.dll
0x00007ffd99f80000 - 0x00007ffd99f8a000 	C:\Windows\System32\FLTLIB.DLL
0x00007ffd96330000 - 0x00007ffd9634a000 	F:\idea\IntelliJ IDEA Community Edition 2019.1.3\bin\breakgen64.dll
0x00007ffd8a680000 - 0x00007ffd8a69a000 	C:\Program Files\Java\jdk1.8.0_211\jre\bin\net.dll
0x00007ffd8e3d0000 - 0x00007ffd8e599000 	C:\Windows\SYSTEM32\urlmon.dll
0x00007ffd8eb00000 - 0x00007ffd8eda6000 	C:\Windows\SYSTEM32\iertutil.dll
0x00007ffd998e0000 - 0x00007ffd998eb000 	C:\Windows\SYSTEM32\CRYPTBASE.DLL
0x00007ffd99710000 - 0x00007ffd99776000 	C:\Windows\system32\mswsock.dll
0x00007ffd994a0000 - 0x00007ffd994d8000 	C:\Windows\SYSTEM32\IPHLPAPI.DLL
0x00007ffd9b7c0000 - 0x00007ffd9b7c8000 	C:\Windows\System32\NSI.dll
0x00007ffd94a70000 - 0x00007ffd94a86000 	C:\Windows\SYSTEM32\dhcpcsvc6.DLL
0x00007ffd94c80000 - 0x00007ffd94c9a000 	C:\Windows\SYSTEM32\dhcpcsvc.DLL
0x00007ffd994e0000 - 0x00007ffd9959e000 	C:\Windows\SYSTEM32\DNSAPI.dll
0x000000005de00000 - 0x000000005de26000 	C:\Program Files\Bonjour\mdnsNSP.dll
0x00007ffd8e140000 - 0x00007ffd8e24d000 	C:\Windows\SysWOW64\ierd_tgp_lsp64.dll
0x00007ffd9bb90000 - 0x00007ffd9bce1000 	C:\Windows\System32\ole32.dll
0x00007ffd92030000 - 0x00007ffd9203a000 	C:\Windows\System32\rasadhlp.dll
0x00007ffd92f10000 - 0x00007ffd92f82000 	C:\Windows\System32\fwpuclnt.dll
0x00007ffd999f0000 - 0x00007ffd99a15000 	C:\Windows\SYSTEM32\bcrypt.dll

VM Arguments:
jvm_args: -javaagent:F:\idea\IntelliJ IDEA Community Edition 2019.1.3\lib\idea_rt.jar=50842:F:\idea\IntelliJ IDEA Community Edition 2019.1.3\bin -Dfile.encoding=UTF-8 
java_command: com.atguigu.springcloud.EurekaServer7001_App
java_class_path (initial): C:\Program Files\Java\jdk1.8.0_211\jre\lib\charsets.jar;C:\Program Files\Java\jdk1.8.0_211\jre\lib\deploy.jar;C:\Program Files\Java\jdk1.8.0_211\jre\lib\ext\access-bridge-64.jar;C:\Program Files\Java\jdk1.8.0_211\jre\lib\ext\cldrdata.jar;C:\Program Files\Java\jdk1.8.0_211\jre\lib\ext\dnsns.jar;C:\Program Files\Java\jdk1.8.0_211\jre\lib\ext\jaccess.jar;C:\Program Files\Java\jdk1.8.0_211\jre\lib\ext\jfxrt.jar;C:\Program Files\Java\jdk1.8.0_211\jre\lib\ext\localedata.jar;C:\Program Files\Java\jdk1.8.0_211\jre\lib\ext\nashorn.jar;C:\Program Files\Java\jdk1.8.0_211\jre\lib\ext\sunec.jar;C:\Program Files\Java\jdk1.8.0_211\jre\lib\ext\sunjce_provider.jar;C:\Program Files\Java\jdk1.8.0_211\jre\lib\ext\sunmscapi.jar;C:\Program Files\Java\jdk1.8.0_211\jre\lib\ext\sunpkcs11.jar;C:\Program Files\Java\jdk1.8.0_211\jre\lib\ext\zipfs.jar;C:\Program Files\Java\jdk1.8.0_211\jre\lib\javaws.jar;C:\Program Files\Java\jdk1.8.0_211\jre\lib\jce.jar;C:\Program Files\Java\jdk1.8.0_211\jre\lib\jfr.jar;C:\Program Files\Java\jdk1.8.0_211\jre\lib\jfxswt.jar;C:\Program Files\Java\jdk1.8.0_211\jre\lib\jsse.jar;C:\Program Files\Java\jdk1.8.0_211\jre\lib\management-agent.jar;C:\Program Files\Java\jdk1.8.0_211\jre\lib\plugin.jar;C:\Program Files\Java\jdk1.8.0_211\jre\lib\resources.jar;C:\Program Files\Java\jdk1.8.0_211\jre\lib\rt.jar;F:\fatherPro\microservicecloud-eureka-7001\target\classes;C:\Users\smile\.m2\repository\org\springframework\cloud\spring-cloud-starter-eureka-server\1.3.1.RELEASE\spring-cloud-starter-eureka-server-1.3.1.RELEASE.jar;C:\Users\smile\.m2\repository\org\springframework\cloud\spring-cloud-starter\1.2.2.RELEASE\spring-cloud-starter-1.2.2.RELEASE.jar;C:\Users\smile\.m2\repository\org\springframework\boot\spring-boot-starter\1.5.9.RELEASE\spring-boot-starter-1.5.9.RELEASE.jar;C:\Users\smile\.m2\repository\org\springframework\boot\spring-boot-starter-logging\1.5.9.RELEASE\spring-boot-starter-logging-1.5.9.RELEASE.jar;C:\Users\smile\.m2\repository\ch\
Launcher Type: SUN_STANDARD

Environment Variables:
PATH=C:\Program Files (x86)\Common Files\Oracle\Java\javapath;C:\Windows\system32;C:\Windows;C:\Windows\System32\Wbem;C:\Windows\System32\WindowsPowerShell\v1.0\;C:\Windows\System32\OpenSSH\;F:\node\;%M2_HOME%\bin;C:\Users\smile\AppData\Local\Microsoft\WindowsApps;C:\Users\smile\AppData\Roaming\npm;F:\Visual Studio Code\Microsoft VS Code\bin
USERNAME=smile
OS=Windows_NT
PROCESSOR_IDENTIFIER=Intel64 Family 6 Model 94 Stepping 3, GenuineIntel



---------------  S Y S T E M  ---------------

OS: Windows 10.0 , 64 bit Build 17134 (10.0.17134.753)

CPU:total 4 (initial active 4) (4 cores per cpu, 1 threads per core) family 6 model 94 stepping 3, cmov, cx8, fxsr, mmx, sse, sse2, sse3, ssse3, sse4.1, sse4.2, popcnt, avx, avx2, aes, clmul, erms, rtm, 3dnowpref, lzcnt, tsc, tscinvbit, bmi1, bmi2, adx

Memory: 4k page, physical 8350900k(1820448k free), swap 16112628k(5224k free)

vm_info: Java HotSpot(TM) 64-Bit Server VM (25.211-b12) for windows-amd64 JRE (1.8.0_211-b12), built on Apr  1 2019 20:53:26 by "java_re" with MS VC++ 10.0 (VS2010)

time: Fri Jun 21 22:32:55 2019
timezone: 中国标准时间
elapsed time: 4 seconds (0d 0h 0m 4s)

